Added Component: Designator=J1(282837-2)
Add component (AddParameter): Name = "ComponentLink1Description"; Value = "Datasheet"; VariantName = "[No Variations]"
Add component (AddParameter): Name = "ComponentLink1URL"; Value = "https://www.te.com/commerce/DocumentDelivery/DDEController?Action=srchrtrv&DocNm=282834&DocType=Customer+Drawing&DocLang=English"; VariantName = "[No Variations]"
Add component (AddParameter): Name = "MPN"; Value = "282834-3"; VariantName = "[No Variations]"
Added Component: Designator=J2(282837-2)
Add component (AddParameter): Name = "ComponentLink1Description"; Value = "Datasheet"; VariantName = "[No Variations]"
Add component (AddParameter): Name = "ComponentLink1URL"; Value = "https://www.te.com/commerce/DocumentDelivery/DDEController?Action=srchrtrv&DocNm=282834&DocType=Customer+Drawing&DocLang=English"; VariantName = "[No Variations]"
Add component (AddParameter): Name = "MPN"; Value = "282834-3"; VariantName = "[No Variations]"
Added Component: Designator=J5(282837-2)
Add component (AddParameter): Name = "ComponentLink1Description"; Value = "Datasheet"; VariantName = "[No Variations]"
Add component (AddParameter): Name = "ComponentLink1URL"; Value = "https://www.te.com/commerce/DocumentDelivery/DDEController?Action=srchrtrv&DocNm=282834&DocType=Customer+Drawing&DocLang=English"; VariantName = "[No Variations]"
Add component (AddParameter): Name = "MPN"; Value = "282834-3"; VariantName = "[No Variations]"
Add Component: Footprint Not Found SON50P200X60_HS-9N
Add Pin To Net: Unknown Pin: Pin D2-1
Add Pin To Net: Unknown Pin: Pin D2-2
Added Pin To Net: NetName=STEPPER_OUT1A Pin=J1-1
Added Pin To Net: NetName=STEPPER_OUT2A Pin=J1-2
Added Pin To Net: NetName=STEPPER_OUT1B Pin=J2-1
Added Pin To Net: NetName=STEPPER_OUT2B Pin=J2-2
Added Pin To Net: NetName=INPUT_VCC Pin=J5-1
Added Pin To Net: NetName=GND Pin=J5-2
Add Pin To Net: Unknown Pin: Pin L1-2
Add Pin To Net: Unknown Pin: Pin L2-2
Add Pin To Net: Unknown Pin: Pin L3-2
Add Pin To Net: Unknown Pin: Pin L4-2
Add Pin To Net: Unknown Pin: Pin U8-4
Add Pin To Net: Unknown Pin: Pin U8-5
Add Pin To Net: Unknown Pin: Pin U8-6
Add Pin To Net: Unknown Pin: Pin U8-8
Add Pin To Net: Unknown Pin: Pin U8-9
Add Class Member: Failed to add class member : Component D2 B350A-13-F
Added Member To Class: ClassName=04 DRIVER Member=Component J1 2POS 5.08MM
Added Member To Class: ClassName=04 DRIVER Member=Component J2 2POS 5.08MM
Added Member To Class: ClassName=06 POWER Member=Component J5 2POS 5.08MM
Add Class Member: Failed to add class member : Component U8 ATECC608A-MAHDA-S
